c:\users\muffl\source\repos\영상처리 플젝\qtguiapplication3\x64\debug\qrc_qtguiapplication3.obj
c:\users\muffl\source\repos\영상처리 플젝\qtguiapplication3\x64\debug\moc_dialog.obj
c:\users\muffl\source\repos\영상처리 플젝\qtguiapplication3\x64\debug\moc_qtguiapplication3.obj
c:\users\muffl\source\repos\영상처리 플젝\qtguiapplication3\x64\debug\vc142.pdb
c:\users\muffl\source\repos\영상처리 플젝\qtguiapplication3\x64\debug\main.obj
c:\users\muffl\source\repos\영상처리 플젝\qtguiapplication3\x64\debug\dialog.obj
c:\users\muffl\source\repos\영상처리 플젝\qtguiapplication3\x64\debug\qtguiapplication3.obj
c:\users\muffl\source\repos\영상처리 플젝\x64\debug\qtguiapplication3.exe
c:\users\muffl\source\repos\영상처리 플젝\x64\debug\qtguiapplication3.ilk
c:\users\muffl\source\repos\영상처리 플젝\x64\debug\qtguiapplication3.pdb
c:\users\muffl\source\repos\영상처리 플젝\qtguiapplication3\x64\debug\\moc\moc_qtguiapplication3.cpp
c:\users\muffl\source\repos\영상처리 플젝\qtguiapplication3\x64\debug\\moc\moc_dialog.cpp
c:\users\muffl\source\repos\영상처리 플젝\qtguiapplication3\x64\debug\uic\ui_dialog.h
c:\users\muffl\source\repos\영상처리 플젝\qtguiapplication3\x64\debug\uic\ui_qtguiapplication3.h
c:\users\muffl\source\repos\영상처리 플젝\qtguiapplication3\x64\debug\rcc\qrc_qtguiapplication3.cpp
c:\users\muffl\source\repos\영상처리 플젝\qtguiapplication3\x64\debug\moc\moc_qtguiapplication3.cpp
c:\users\muffl\source\repos\영상처리 플젝\qtguiapplication3\x64\debug\moc\moc_dialog.cpp
c:\users\muffl\source\repos\영상처리 플젝\qtguiapplication3\x64\debug\\rcc\qrc_qtguiapplication3.cpp
c:\users\muffl\source\repos\영상처리 플젝\qtguiapplication3\x64\debug\\uic\ui_dialog.h
c:\users\muffl\source\repos\영상처리 플젝\qtguiapplication3\x64\debug\\uic\ui_qtguiapplication3.h
c:\users\muffl\source\repos\영상처리 플젝\qtguiapplication3\x64\debug\qtguiapp.a4c4580f.tlog\cl.command.1.tlog
c:\users\muffl\source\repos\영상처리 플젝\qtguiapplication3\x64\debug\qtguiapp.a4c4580f.tlog\cl.read.1.tlog
c:\users\muffl\source\repos\영상처리 플젝\qtguiapplication3\x64\debug\qtguiapp.a4c4580f.tlog\cl.write.1.tlog
c:\users\muffl\source\repos\영상처리 플젝\qtguiapplication3\x64\debug\qtguiapp.a4c4580f.tlog\link.command.1.tlog
c:\users\muffl\source\repos\영상처리 플젝\qtguiapplication3\x64\debug\qtguiapp.a4c4580f.tlog\link.read.1.tlog
c:\users\muffl\source\repos\영상처리 플젝\qtguiapplication3\x64\debug\qtguiapp.a4c4580f.tlog\link.write.1.tlog
c:\users\muffl\source\repos\영상처리 플젝\qtguiapplication3\x64\debug\qtguiapp.a4c4580f.tlog\moc.read.1u.tlog
c:\users\muffl\source\repos\영상처리 플젝\qtguiapplication3\x64\debug\qtguiapp.a4c4580f.tlog\moc.write.1u.tlog
c:\users\muffl\source\repos\영상처리 플젝\qtguiapplication3\x64\debug\qtguiapp.a4c4580f.tlog\qtguiapplication3.write.1u.tlog
c:\users\muffl\source\repos\영상처리 플젝\qtguiapplication3\x64\debug\qtguiapp.a4c4580f.tlog\rcc.read.1u.tlog
c:\users\muffl\source\repos\영상처리 플젝\qtguiapplication3\x64\debug\qtguiapp.a4c4580f.tlog\rcc.write.1u.tlog
c:\users\muffl\source\repos\영상처리 플젝\qtguiapplication3\x64\debug\qtguiapp.a4c4580f.tlog\uic.read.1u.tlog
c:\users\muffl\source\repos\영상처리 플젝\qtguiapplication3\x64\debug\qtguiapp.a4c4580f.tlog\uic.write.1u.tlog
